Fri Apr 28 2017 03:41:55 GMT-0400 (EDT): GET /
Fri Apr 28 2017 03:41:55 GMT-0400 (EDT): GET /css/overlay-menu.css
Fri Apr 28 2017 03:41:55 GMT-0400 (EDT): GET /css/keyframes.css
Fri Apr 28 2017 03:41:55 GMT-0400 (EDT): GET /css/transitions.css
Fri Apr 28 2017 03:41:55 GMT-0400 (EDT): GET /css/styles.css
Fri Apr 28 2017 03:41:55 GMT-0400 (EDT): GET /js/bootstrap.min.js
Fri Apr 28 2017 03:41:55 GMT-0400 (EDT): GET /js/smoothstate/jquery.smoothState.js
Fri Apr 28 2017 03:41:55 GMT-0400 (EDT): GET /js/smoothstate/page-transitions.js
Fri Apr 28 2017 03:41:55 GMT-0400 (EDT): GET /js/overlay-menu.js
Fri Apr 28 2017 03:41:55 GMT-0400 (EDT): GET /js/smoothscroll.js
Fri Apr 28 2017 03:41:55 GMT-0400 (EDT): GET /js/particles.js
Fri Apr 28 2017 03:41:55 GMT-0400 (EDT): GET /js/app.js
Fri Apr 28 2017 03:41:55 GMT-0400 (EDT): GET /assets/icons/logo.png
Fri Apr 28 2017 03:41:55 GMT-0400 (EDT): GET /assets/client-icons/enjoycareers.png
Fri Apr 28 2017 03:41:55 GMT-0400 (EDT): GET /assets/tiles/enjoy-careers.jpg
Fri Apr 28 2017 03:41:55 GMT-0400 (EDT): GET /assets/client-icons/billboss.png
Fri Apr 28 2017 03:41:55 GMT-0400 (EDT): GET /assets/tiles/billboss.jpg
Fri Apr 28 2017 03:41:55 GMT-0400 (EDT): GET /assets/client-icons/hbf.png
Fri Apr 28 2017 03:41:55 GMT-0400 (EDT): GET /assets/tiles/hbf.jpg
Fri Apr 28 2017 03:41:55 GMT-0400 (EDT): GET /assets/client-icons/generaltire.png
Fri Apr 28 2017 03:41:55 GMT-0400 (EDT): GET /assets/tiles/general-tire.jpg
Fri Apr 28 2017 03:41:55 GMT-0400 (EDT): GET /assets/client-icons/mma.png
Fri Apr 28 2017 03:41:55 GMT-0400 (EDT): GET /assets/tiles/mma.jpg
Fri Apr 28 2017 03:41:55 GMT-0400 (EDT): GET /assets/client-icons/nova.png
Fri Apr 28 2017 03:41:55 GMT-0400 (EDT): GET /assets/tiles/nova.jpg
Fri Apr 28 2017 03:41:55 GMT-0400 (EDT): GET /assets/client-icons/taquarium.png
Fri Apr 28 2017 03:41:55 GMT-0400 (EDT): GET /assets/tiles/tennesse-a.jpg
Fri Apr 28 2017 03:41:55 GMT-0400 (EDT): GET /assets/client-icons/t2.png
Fri Apr 28 2017 03:41:55 GMT-0400 (EDT): GET /assets/tiles/t2.jpg
Fri Apr 28 2017 03:41:55 GMT-0400 (EDT): GET /assets/client-icons/agencelimonier.png
Fri Apr 28 2017 03:41:55 GMT-0400 (EDT): GET /assets/tiles/agence-limonier.jpg
Fri Apr 28 2017 03:41:55 GMT-0400 (EDT): GET /assets/client-icons/roadsaver.png
Fri Apr 28 2017 03:41:55 GMT-0400 (EDT): GET /assets/tiles/roadsaver.jpg
Fri Apr 28 2017 03:41:56 GMT-0400 (EDT): GET /assets/client-icons/statebank.png
Fri Apr 28 2017 03:41:56 GMT-0400 (EDT): GET /assets/tiles/state-bank.jpg
Fri Apr 28 2017 03:41:56 GMT-0400 (EDT): GET /assets/client-icons/aso.png
Fri Apr 28 2017 03:41:56 GMT-0400 (EDT): GET /assets/tiles/aso2.jpg
Fri Apr 28 2017 03:41:56 GMT-0400 (EDT): GET /assets/client-icons/mazda.png
Fri Apr 28 2017 03:41:56 GMT-0400 (EDT): GET /assets/tiles/mazda.jpg
Fri Apr 28 2017 03:41:56 GMT-0400 (EDT): GET /assets/client-icons/spelman.png
Fri Apr 28 2017 03:41:56 GMT-0400 (EDT): GET /assets/tiles/spelman2.jpg
Fri Apr 28 2017 03:41:56 GMT-0400 (EDT): GET /assets/client-icons/l4l.png
Fri Apr 28 2017 03:41:56 GMT-0400 (EDT): GET /assets/tiles/l4l.jpg
Fri Apr 28 2017 03:41:56 GMT-0400 (EDT): GET /assets/client-icons/adga.png
Fri Apr 28 2017 03:41:56 GMT-0400 (EDT): GET /assets/tiles/adga.jpg
Fri Apr 28 2017 03:41:56 GMT-0400 (EDT): GET /assets/client-icons/elcamino.png
Fri Apr 28 2017 03:41:56 GMT-0400 (EDT): GET /assets/tiles/elcamino.jpg
Fri Apr 28 2017 03:41:56 GMT-0400 (EDT): GET /assets/client-icons/lia.png
Fri Apr 28 2017 03:41:56 GMT-0400 (EDT): GET /assets/tiles/lia.jpg
Fri Apr 28 2017 03:41:56 GMT-0400 (EDT): GET /favicon.ico
Fri Apr 28 2017 03:42:07 GMT-0400 (EDT): GET /billboss
Fri Apr 28 2017 03:42:08 GMT-0400 (EDT): GET /billboss
Fri Apr 28 2017 03:49:12 GMT-0400 (EDT): GET /
Fri Apr 28 2017 03:49:12 GMT-0400 (EDT): GET /css/overlay-menu.css
Fri Apr 28 2017 03:49:12 GMT-0400 (EDT): GET /css/keyframes.css
Fri Apr 28 2017 03:49:12 GMT-0400 (EDT): GET /css/transitions.css
Fri Apr 28 2017 03:49:12 GMT-0400 (EDT): GET /css/styles.css
Fri Apr 28 2017 03:49:12 GMT-0400 (EDT): GET /js/bootstrap.min.js
Fri Apr 28 2017 03:49:12 GMT-0400 (EDT): GET /js/smoothstate/jquery.smoothState.js
Fri Apr 28 2017 03:49:12 GMT-0400 (EDT): GET /js/smoothstate/page-transitions.js
Fri Apr 28 2017 03:49:12 GMT-0400 (EDT): GET /js/overlay-menu.js
Fri Apr 28 2017 03:49:12 GMT-0400 (EDT): GET /js/smoothscroll.js
Fri Apr 28 2017 03:49:12 GMT-0400 (EDT): GET /js/particles.js
Fri Apr 28 2017 03:49:12 GMT-0400 (EDT): GET /js/app.js
Fri Apr 28 2017 03:49:12 GMT-0400 (EDT): GET /assets/icons/logo.png
Fri Apr 28 2017 03:49:12 GMT-0400 (EDT): GET /assets/client-icons/enjoycareers.png
Fri Apr 28 2017 03:49:12 GMT-0400 (EDT): GET /assets/tiles/enjoy-careers.jpg
Fri Apr 28 2017 03:49:12 GMT-0400 (EDT): GET /assets/client-icons/billboss.png
Fri Apr 28 2017 03:49:12 GMT-0400 (EDT): GET /assets/tiles/billboss.jpg
Fri Apr 28 2017 03:49:12 GMT-0400 (EDT): GET /assets/tiles/hbf.jpg
Fri Apr 28 2017 03:49:12 GMT-0400 (EDT): GET /assets/client-icons/mma.png
Fri Apr 28 2017 03:49:12 GMT-0400 (EDT): GET /assets/tiles/mma.jpg
Fri Apr 28 2017 03:49:12 GMT-0400 (EDT): GET /assets/client-icons/nova.png
Fri Apr 28 2017 03:49:12 GMT-0400 (EDT): GET /assets/tiles/general-tire.jpg
Fri Apr 28 2017 03:49:12 GMT-0400 (EDT): GET /assets/client-icons/hbf.png
Fri Apr 28 2017 03:49:12 GMT-0400 (EDT): GET /assets/tiles/nova.jpg
Fri Apr 28 2017 03:49:12 GMT-0400 (EDT): GET /assets/client-icons/generaltire.png
Fri Apr 28 2017 03:49:12 GMT-0400 (EDT): GET /assets/client-icons/taquarium.png
Fri Apr 28 2017 03:49:12 GMT-0400 (EDT): GET /assets/tiles/tennesse-a.jpg
Fri Apr 28 2017 03:49:12 GMT-0400 (EDT): GET /assets/client-icons/t2.png
Fri Apr 28 2017 03:49:12 GMT-0400 (EDT): GET /assets/tiles/t2.jpg
Fri Apr 28 2017 03:49:12 GMT-0400 (EDT): GET /assets/client-icons/agencelimonier.png
Fri Apr 28 2017 03:49:12 GMT-0400 (EDT): GET /assets/tiles/agence-limonier.jpg
Fri Apr 28 2017 03:49:12 GMT-0400 (EDT): GET /assets/client-icons/roadsaver.png
Fri Apr 28 2017 03:49:12 GMT-0400 (EDT): GET /assets/tiles/roadsaver.jpg
Fri Apr 28 2017 03:49:12 GMT-0400 (EDT): GET /assets/client-icons/statebank.png
Fri Apr 28 2017 03:49:12 GMT-0400 (EDT): GET /assets/tiles/state-bank.jpg
Fri Apr 28 2017 03:49:12 GMT-0400 (EDT): GET /assets/client-icons/aso.png
Fri Apr 28 2017 03:49:12 GMT-0400 (EDT): GET /assets/tiles/mazda.jpg
Fri Apr 28 2017 03:49:12 GMT-0400 (EDT): GET /assets/tiles/spelman2.jpg
Fri Apr 28 2017 03:49:12 GMT-0400 (EDT): GET /assets/client-icons/elcamino.png
Fri Apr 28 2017 03:49:12 GMT-0400 (EDT): GET /assets/tiles/lia.jpg
Fri Apr 28 2017 03:49:12 GMT-0400 (EDT): GET /assets/client-icons/spelman.png
Fri Apr 28 2017 03:49:12 GMT-0400 (EDT): GET /assets/tiles/aso2.jpg
Fri Apr 28 2017 03:49:12 GMT-0400 (EDT): GET /assets/client-icons/lia.png
Fri Apr 28 2017 03:49:12 GMT-0400 (EDT): GET /assets/client-icons/adga.png
Fri Apr 28 2017 03:49:12 GMT-0400 (EDT): GET /assets/tiles/l4l.jpg
Fri Apr 28 2017 03:49:12 GMT-0400 (EDT): GET /assets/client-icons/l4l.png
Fri Apr 28 2017 03:49:12 GMT-0400 (EDT): GET /assets/client-icons/mazda.png
Fri Apr 28 2017 03:49:12 GMT-0400 (EDT): GET /assets/tiles/elcamino.jpg
Fri Apr 28 2017 03:49:12 GMT-0400 (EDT): GET /assets/tiles/adga.jpg
Fri Apr 28 2017 03:49:15 GMT-0400 (EDT): GET /learn4life
Fri Apr 28 2017 03:49:15 GMT-0400 (EDT): GET /billboss
Fri Apr 28 2017 03:49:15 GMT-0400 (EDT): GET /learn4life
Fri Apr 28 2017 04:00:16 GMT-0400 (EDT): GET /enjoycareers
Fri Apr 28 2017 04:00:17 GMT-0400 (EDT): GET /
Fri Apr 28 2017 04:00:17 GMT-0400 (EDT): GET /css/overlay-menu.css
Fri Apr 28 2017 04:00:17 GMT-0400 (EDT): GET /css/keyframes.css
Fri Apr 28 2017 04:00:17 GMT-0400 (EDT): GET /css/transitions.css
Fri Apr 28 2017 04:00:17 GMT-0400 (EDT): GET /css/styles.css
Fri Apr 28 2017 04:00:17 GMT-0400 (EDT): GET /js/jquery-2.1.1.js
Fri Apr 28 2017 04:00:17 GMT-0400 (EDT): GET /js/main.js
Fri Apr 28 2017 04:00:17 GMT-0400 (EDT): GET /js/bootstrap.min.js
Fri Apr 28 2017 04:00:17 GMT-0400 (EDT): GET /js/smoothstate/jquery.smoothState.js
Fri Apr 28 2017 04:00:17 GMT-0400 (EDT): GET /js/smoothstate/page-transitions.js
Fri Apr 28 2017 04:00:17 GMT-0400 (EDT): GET /js/overlay-menu.js
Fri Apr 28 2017 04:00:17 GMT-0400 (EDT): GET /js/smoothscroll.js
Fri Apr 28 2017 04:00:17 GMT-0400 (EDT): GET /img/bg.jpg
Fri Apr 28 2017 04:00:17 GMT-0400 (EDT): GET /img/mid.png
Fri Apr 28 2017 04:00:17 GMT-0400 (EDT): GET /img/foreground.png
Fri Apr 28 2017 04:00:17 GMT-0400 (EDT): GET /img/mid-mtn.png
Fri Apr 28 2017 04:00:17 GMT-0400 (EDT): GET /img/bg-mtn.png
Fri Apr 28 2017 04:00:17 GMT-0400 (EDT): GET /js/particles.js
Fri Apr 28 2017 04:00:17 GMT-0400 (EDT): GET /js/app.js
Fri Apr 28 2017 04:03:11 GMT-0400 (EDT): GET /
Fri Apr 28 2017 04:03:11 GMT-0400 (EDT): GET /css/keyframes.css
Fri Apr 28 2017 04:03:11 GMT-0400 (EDT): GET /css/overlay-menu.css
Fri Apr 28 2017 04:03:11 GMT-0400 (EDT): GET /css/transitions.css
Fri Apr 28 2017 04:03:11 GMT-0400 (EDT): GET /css/styles.css
Fri Apr 28 2017 04:03:11 GMT-0400 (EDT): GET /js/jquery-2.1.1.js
Fri Apr 28 2017 04:03:11 GMT-0400 (EDT): GET /js/main.js
Fri Apr 28 2017 04:03:11 GMT-0400 (EDT): GET /js/bootstrap.min.js
Fri Apr 28 2017 04:03:11 GMT-0400 (EDT): GET /js/smoothstate/jquery.smoothState.js
Fri Apr 28 2017 04:03:11 GMT-0400 (EDT): GET /js/smoothstate/page-transitions.js
Fri Apr 28 2017 04:03:11 GMT-0400 (EDT): GET /js/overlay-menu.js
Fri Apr 28 2017 04:03:11 GMT-0400 (EDT): GET /js/smoothscroll.js
Fri Apr 28 2017 04:03:11 GMT-0400 (EDT): GET /img/foreground.png
Fri Apr 28 2017 04:03:11 GMT-0400 (EDT): GET /img/mid-mtn.png
Fri Apr 28 2017 04:03:11 GMT-0400 (EDT): GET /img/bg.jpg
Fri Apr 28 2017 04:03:11 GMT-0400 (EDT): GET /img/mid.png
Fri Apr 28 2017 04:03:11 GMT-0400 (EDT): GET /img/bg-mtn.png
Fri Apr 28 2017 04:03:11 GMT-0400 (EDT): GET /js/particles.js
Fri Apr 28 2017 04:03:11 GMT-0400 (EDT): GET /js/app.js
Fri Apr 28 2017 04:03:27 GMT-0400 (EDT): GET /
Fri Apr 28 2017 04:03:27 GMT-0400 (EDT): GET /css/reset.css
Fri Apr 28 2017 04:03:27 GMT-0400 (EDT): GET /css/style.css
Fri Apr 28 2017 04:03:27 GMT-0400 (EDT): GET /js/modernizr.js
Fri Apr 28 2017 04:03:27 GMT-0400 (EDT): GET /css/custom.css
Fri Apr 28 2017 04:03:27 GMT-0400 (EDT): GET /css/links.css
Fri Apr 28 2017 04:03:27 GMT-0400 (EDT): GET /js/jquery-2.1.1.js
Fri Apr 28 2017 04:03:27 GMT-0400 (EDT): GET /js/smoothstate/jquery.smoothState.js
Fri Apr 28 2017 04:03:27 GMT-0400 (EDT): GET /js/smoothstate/page-transitions.js
Fri Apr 28 2017 04:03:27 GMT-0400 (EDT): GET /js/overlay-menu.js
Fri Apr 28 2017 04:03:27 GMT-0400 (EDT): GET /js/main.js
Fri Apr 28 2017 04:03:27 GMT-0400 (EDT): GET /js/bootstrap.min.js
Fri Apr 28 2017 04:03:27 GMT-0400 (EDT): GET /js/smoothscroll.js
Fri Apr 28 2017 04:03:27 GMT-0400 (EDT): GET /js/particles.js
Fri Apr 28 2017 04:03:27 GMT-0400 (EDT): GET /js/app.js
Fri Apr 28 2017 04:03:27 GMT-0400 (EDT): GET /img/bg.jpg
Fri Apr 28 2017 04:03:27 GMT-0400 (EDT): GET /img/bg-mtn.png
Fri Apr 28 2017 04:03:27 GMT-0400 (EDT): GET /img/mid-mtn.png
Fri Apr 28 2017 04:03:27 GMT-0400 (EDT): GET /img/bg-pattern.png
Fri Apr 28 2017 04:03:27 GMT-0400 (EDT): GET /img/mid.png
Fri Apr 28 2017 04:03:27 GMT-0400 (EDT): GET /img/foreground.png
Fri Apr 28 2017 04:03:27 GMT-0400 (EDT): GET /js/smoothstate/jquery.smoothState.js
Fri Apr 28 2017 04:03:27 GMT-0400 (EDT): GET /js/smoothstate/page-transitions.js
Fri Apr 28 2017 04:03:27 GMT-0400 (EDT): GET /js/overlay-menu.js
Fri Apr 28 2017 04:03:27 GMT-0400 (EDT): GET /js/smoothscroll.js
Fri Apr 28 2017 04:03:27 GMT-0400 (EDT): GET /js/particles.js
Fri Apr 28 2017 04:03:27 GMT-0400 (EDT): GET /js/app.js
Fri Apr 28 2017 04:03:40 GMT-0400 (EDT): GET /pan.html
Fri Apr 28 2017 04:03:46 GMT-0400 (EDT): GET /css/reset.css
Fri Apr 28 2017 04:03:46 GMT-0400 (EDT): GET /css/style.css
Fri Apr 28 2017 04:03:46 GMT-0400 (EDT): GET /css/custom.css
Fri Apr 28 2017 04:03:46 GMT-0400 (EDT): GET /css/links.css
Fri Apr 28 2017 04:04:24 GMT-0400 (EDT): GET /
Fri Apr 28 2017 04:04:24 GMT-0400 (EDT): GET /css/reset.css
Fri Apr 28 2017 04:04:24 GMT-0400 (EDT): GET /css/style.css
Fri Apr 28 2017 04:04:24 GMT-0400 (EDT): GET /js/modernizr.js
Fri Apr 28 2017 04:04:24 GMT-0400 (EDT): GET /css/custom.css
Fri Apr 28 2017 04:04:24 GMT-0400 (EDT): GET /css/links.css
Fri Apr 28 2017 04:04:24 GMT-0400 (EDT): GET /js/jquery-2.1.1.js
Fri Apr 28 2017 04:04:24 GMT-0400 (EDT): GET /js/main.js
Fri Apr 28 2017 04:04:24 GMT-0400 (EDT): GET /img/bg.jpg
Fri Apr 28 2017 04:04:24 GMT-0400 (EDT): GET /img/bg-mtn.png
Fri Apr 28 2017 04:04:24 GMT-0400 (EDT): GET /img/mid-mtn.png
Fri Apr 28 2017 04:04:24 GMT-0400 (EDT): GET /img/mid.png
Fri Apr 28 2017 04:04:24 GMT-0400 (EDT): GET /img/foreground.png
Fri Apr 28 2017 04:04:24 GMT-0400 (EDT): GET /js/main.js
Fri Apr 28 2017 04:04:24 GMT-0400 (EDT): GET /img/bg-pattern.png
Fri Apr 28 2017 04:05:08 GMT-0400 (EDT): GET /
Fri Apr 28 2017 04:05:09 GMT-0400 (EDT): GET /css/reset.css
Fri Apr 28 2017 04:05:09 GMT-0400 (EDT): GET /css/style.css
Fri Apr 28 2017 04:05:09 GMT-0400 (EDT): GET /js/modernizr.js
Fri Apr 28 2017 04:05:09 GMT-0400 (EDT): GET /css/custom.css
Fri Apr 28 2017 04:05:09 GMT-0400 (EDT): GET /css/links.css
Fri Apr 28 2017 04:05:09 GMT-0400 (EDT): GET /js/jquery-2.1.1.js
Fri Apr 28 2017 04:05:09 GMT-0400 (EDT): GET /img/bg-pattern.png
Fri Apr 28 2017 04:05:09 GMT-0400 (EDT): GET /js/main.js
Fri Apr 28 2017 04:05:09 GMT-0400 (EDT): GET /img/bg.jpg
Fri Apr 28 2017 04:05:09 GMT-0400 (EDT): GET /img/bg-mtn.png
Fri Apr 28 2017 04:05:09 GMT-0400 (EDT): GET /img/mid-mtn.png
Fri Apr 28 2017 04:05:09 GMT-0400 (EDT): GET /img/mid.png
Fri Apr 28 2017 04:05:09 GMT-0400 (EDT): GET /img/foreground.png
Fri Apr 28 2017 04:05:16 GMT-0400 (EDT): GET /pan.html
Fri Apr 28 2017 04:07:42 GMT-0400 (EDT): GET /pan
Fri Apr 28 2017 04:07:43 GMT-0400 (EDT): GET /css/reset.css
Fri Apr 28 2017 04:07:43 GMT-0400 (EDT): GET /css/style.css
Fri Apr 28 2017 04:07:43 GMT-0400 (EDT): GET /js/modernizr.js
Fri Apr 28 2017 04:07:43 GMT-0400 (EDT): GET /css/custom.css
Fri Apr 28 2017 04:07:43 GMT-0400 (EDT): GET /css/links.css
Fri Apr 28 2017 04:07:43 GMT-0400 (EDT): GET /jquery/jquery-v1.7.min.js
Fri Apr 28 2017 04:07:43 GMT-0400 (EDT): GET /img/bg-pattern.png
Fri Apr 28 2017 04:07:43 GMT-0400 (EDT): GET /dist/js/jquery.paver.min.js
Fri Apr 28 2017 04:07:43 GMT-0400 (EDT): GET /throttle/debounce.js
Fri Apr 28 2017 04:07:43 GMT-0400 (EDT): GET /img/pano-room.jpg
Fri Apr 28 2017 04:09:07 GMT-0400 (EDT): GET /pan
Fri Apr 28 2017 04:09:07 GMT-0400 (EDT): GET /css/reset.css
Fri Apr 28 2017 04:09:07 GMT-0400 (EDT): GET /css/style.css
Fri Apr 28 2017 04:09:07 GMT-0400 (EDT): GET /js/modernizr.js
Fri Apr 28 2017 04:09:07 GMT-0400 (EDT): GET /css/custom.css
Fri Apr 28 2017 04:09:07 GMT-0400 (EDT): GET /css/links.css
Fri Apr 28 2017 04:09:07 GMT-0400 (EDT): GET /jquery/jquery-v1.7.min.js
Fri Apr 28 2017 04:09:07 GMT-0400 (EDT): GET /dist/js/jquery.paver.min.js
Fri Apr 28 2017 04:09:07 GMT-0400 (EDT): GET /img/bg-pattern.png
Fri Apr 28 2017 04:09:07 GMT-0400 (EDT): GET /throttle/debounce.js
Fri Apr 28 2017 04:09:07 GMT-0400 (EDT): GET /img/pano-room.jpg
Fri Apr 28 2017 04:09:07 GMT-0400 (EDT): GET /dist/js/jquery.paver.min.js
Fri Apr 28 2017 04:09:13 GMT-0400 (EDT): GET /css/reset.css
Fri Apr 28 2017 04:09:13 GMT-0400 (EDT): GET /css/style.css
Fri Apr 28 2017 04:09:13 GMT-0400 (EDT): GET /css/custom.css
Fri Apr 28 2017 04:09:13 GMT-0400 (EDT): GET /css/links.css
Fri Apr 28 2017 04:09:47 GMT-0400 (EDT): GET /pan
Fri Apr 28 2017 04:09:47 GMT-0400 (EDT): GET /css/reset.css
Fri Apr 28 2017 04:09:47 GMT-0400 (EDT): GET /css/style.css
Fri Apr 28 2017 04:09:47 GMT-0400 (EDT): GET /js/modernizr.js
Fri Apr 28 2017 04:09:47 GMT-0400 (EDT): GET /css/custom.css
Fri Apr 28 2017 04:09:47 GMT-0400 (EDT): GET /css/links.css
Fri Apr 28 2017 04:09:47 GMT-0400 (EDT): GET /jquery/jquery-v1.7.min.js
Fri Apr 28 2017 04:09:47 GMT-0400 (EDT): GET /img/bg-pattern.png
Fri Apr 28 2017 04:09:47 GMT-0400 (EDT): GET /dist/js/jquery.paver.min.js
Fri Apr 28 2017 04:09:47 GMT-0400 (EDT): GET /throttle/debounce.js
Fri Apr 28 2017 04:09:47 GMT-0400 (EDT): GET /img/pano-room.jpg
Fri Apr 28 2017 04:10:35 GMT-0400 (EDT): GET /pan
Fri Apr 28 2017 04:10:35 GMT-0400 (EDT): GET /css/reset.css
Fri Apr 28 2017 04:10:35 GMT-0400 (EDT): GET /css/style.css
Fri Apr 28 2017 04:10:35 GMT-0400 (EDT): GET /js/modernizr.js
Fri Apr 28 2017 04:10:35 GMT-0400 (EDT): GET /css/custom.css
Fri Apr 28 2017 04:10:35 GMT-0400 (EDT): GET /css/links.css
Fri Apr 28 2017 04:10:35 GMT-0400 (EDT): GET /jquery/jquery-v1.7.min.js
Fri Apr 28 2017 04:10:35 GMT-0400 (EDT): GET /dist/js/jquery.paver.min.js
Fri Apr 28 2017 04:10:35 GMT-0400 (EDT): GET /img/bg-pattern.png
Fri Apr 28 2017 04:10:35 GMT-0400 (EDT): GET /throttle/debounce.js
Fri Apr 28 2017 04:10:35 GMT-0400 (EDT): GET /img/pano-room.jpg
Fri Apr 28 2017 04:10:45 GMT-0400 (EDT): GET /pan
Fri Apr 28 2017 04:10:45 GMT-0400 (EDT): GET /css/reset.css
Fri Apr 28 2017 04:10:45 GMT-0400 (EDT): GET /css/style.css
Fri Apr 28 2017 04:10:45 GMT-0400 (EDT): GET /js/modernizr.js
Fri Apr 28 2017 04:10:45 GMT-0400 (EDT): GET /css/custom.css
Fri Apr 28 2017 04:10:45 GMT-0400 (EDT): GET /css/links.css
Fri Apr 28 2017 04:10:45 GMT-0400 (EDT): GET /jquery/jquery-v1.7.min.js
Fri Apr 28 2017 04:10:45 GMT-0400 (EDT): GET /dist/js/jquery.paver.min.js
Fri Apr 28 2017 04:10:45 GMT-0400 (EDT): GET /img/bg-pattern.png
Fri Apr 28 2017 04:10:45 GMT-0400 (EDT): GET /throttle/debounce.js
Fri Apr 28 2017 04:10:45 GMT-0400 (EDT): GET /img/pano-room.jpg
Fri Apr 28 2017 04:10:52 GMT-0400 (EDT): GET /css/reset.css
Fri Apr 28 2017 04:10:52 GMT-0400 (EDT): GET /css/style.css
Fri Apr 28 2017 04:10:52 GMT-0400 (EDT): GET /css/custom.css
Fri Apr 28 2017 04:10:52 GMT-0400 (EDT): GET /css/links.css
Fri Apr 28 2017 04:11:13 GMT-0400 (EDT): GET /
Fri Apr 28 2017 04:11:14 GMT-0400 (EDT): GET /css/reset.css
Fri Apr 28 2017 04:11:14 GMT-0400 (EDT): GET /css/style.css
Fri Apr 28 2017 04:11:14 GMT-0400 (EDT): GET /js/modernizr.js
Fri Apr 28 2017 04:11:14 GMT-0400 (EDT): GET /css/custom.css
Fri Apr 28 2017 04:11:14 GMT-0400 (EDT): GET /css/links.css
Fri Apr 28 2017 04:11:14 GMT-0400 (EDT): GET /img/bg-pattern.png
Fri Apr 28 2017 04:11:14 GMT-0400 (EDT): GET /js/jquery-2.1.1.js
Fri Apr 28 2017 04:11:14 GMT-0400 (EDT): GET /js/main.js
Fri Apr 28 2017 04:11:14 GMT-0400 (EDT): GET /img/bg.jpg
Fri Apr 28 2017 04:11:14 GMT-0400 (EDT): GET /img/bg-mtn.png
Fri Apr 28 2017 04:11:14 GMT-0400 (EDT): GET /img/foreground.png
Fri Apr 28 2017 04:11:14 GMT-0400 (EDT): GET /img/mid.png
Fri Apr 28 2017 04:11:14 GMT-0400 (EDT): GET /img/mid-mtn.png
Fri Apr 28 2017 04:11:17 GMT-0400 (EDT): GET /pan
Fri Apr 28 2017 04:11:17 GMT-0400 (EDT): GET /css/reset.css
Fri Apr 28 2017 04:11:17 GMT-0400 (EDT): GET /css/style.css
Fri Apr 28 2017 04:11:17 GMT-0400 (EDT): GET /js/modernizr.js
Fri Apr 28 2017 04:11:17 GMT-0400 (EDT): GET /css/custom.css
Fri Apr 28 2017 04:11:17 GMT-0400 (EDT): GET /css/links.css
Fri Apr 28 2017 04:11:17 GMT-0400 (EDT): GET /jquery/jquery-v1.7.min.js
Fri Apr 28 2017 04:11:17 GMT-0400 (EDT): GET /dist/js/jquery.paver.min.js
Fri Apr 28 2017 04:11:17 GMT-0400 (EDT): GET /throttle/debounce.js
Fri Apr 28 2017 04:11:17 GMT-0400 (EDT): GET /img/pano-room.jpg
Fri Apr 28 2017 04:12:50 GMT-0400 (EDT): GET /pan
Fri Apr 28 2017 04:12:50 GMT-0400 (EDT): GET /css/reset.css
Fri Apr 28 2017 04:12:50 GMT-0400 (EDT): GET /css/style.css
Fri Apr 28 2017 04:12:50 GMT-0400 (EDT): GET /js/modernizr.js
Fri Apr 28 2017 04:12:50 GMT-0400 (EDT): GET /css/custom.css
Fri Apr 28 2017 04:12:50 GMT-0400 (EDT): GET /css/links.css
Fri Apr 28 2017 04:12:50 GMT-0400 (EDT): GET /jquery/jquery-v1.7.min.js
Fri Apr 28 2017 04:12:50 GMT-0400 (EDT): GET /dist/js/jquery.paver.min.js
Fri Apr 28 2017 04:12:50 GMT-0400 (EDT): GET /throttle/debounce.js
Fri Apr 28 2017 04:12:50 GMT-0400 (EDT): GET /img/pano-room.jpg
Fri Apr 28 2017 04:13:29 GMT-0400 (EDT): GET /pan
Fri Apr 28 2017 04:13:29 GMT-0400 (EDT): GET /css/reset.css
Fri Apr 28 2017 04:13:29 GMT-0400 (EDT): GET /css/style.css
Fri Apr 28 2017 04:13:29 GMT-0400 (EDT): GET /js/modernizr.js
Fri Apr 28 2017 04:13:29 GMT-0400 (EDT): GET /css/custom.css
Fri Apr 28 2017 04:13:29 GMT-0400 (EDT): GET /css/links.css
Fri Apr 28 2017 04:13:29 GMT-0400 (EDT): GET /jquery/jquery-v1.7.min.js
Fri Apr 28 2017 04:13:29 GMT-0400 (EDT): GET /dist/js/jquery.paver.min.js
Fri Apr 28 2017 04:13:29 GMT-0400 (EDT): GET /throttle/debounce.js
Fri Apr 28 2017 04:13:29 GMT-0400 (EDT): GET /img/pano-room.jpg
Fri Apr 28 2017 04:13:36 GMT-0400 (EDT): GET /css/reset.css
Fri Apr 28 2017 04:13:36 GMT-0400 (EDT): GET /css/style.css
Fri Apr 28 2017 04:13:36 GMT-0400 (EDT): GET /css/custom.css
Fri Apr 28 2017 04:13:36 GMT-0400 (EDT): GET /css/links.css
Fri Apr 28 2017 04:14:09 GMT-0400 (EDT): GET /img/pano-room.jpg
Fri Apr 28 2017 04:14:59 GMT-0400 (EDT): GET /pan
Fri Apr 28 2017 04:14:59 GMT-0400 (EDT): GET /css/reset.css
Fri Apr 28 2017 04:14:59 GMT-0400 (EDT): GET /css/style.css
Fri Apr 28 2017 04:15:00 GMT-0400 (EDT): GET /js/modernizr.js
Fri Apr 28 2017 04:15:00 GMT-0400 (EDT): GET /css/custom.css
Fri Apr 28 2017 04:15:00 GMT-0400 (EDT): GET /css/links.css
Fri Apr 28 2017 04:15:00 GMT-0400 (EDT): GET /jquery/jquery-v1.7.min.js
Fri Apr 28 2017 04:15:00 GMT-0400 (EDT): GET /img/bg-pattern.png
Fri Apr 28 2017 04:15:00 GMT-0400 (EDT): GET /dist/js/jquery.paver.min.js
Fri Apr 28 2017 04:15:00 GMT-0400 (EDT): GET /throttle/debounce.js
Fri Apr 28 2017 04:15:00 GMT-0400 (EDT): GET /img/pano-room.jpg
Fri Apr 28 2017 04:15:10 GMT-0400 (EDT): GET /pan
Fri Apr 28 2017 04:15:10 GMT-0400 (EDT): GET /css/reset.css
Fri Apr 28 2017 04:15:10 GMT-0400 (EDT): GET /css/style.css
Fri Apr 28 2017 04:15:10 GMT-0400 (EDT): GET /js/modernizr.js
Fri Apr 28 2017 04:15:10 GMT-0400 (EDT): GET /css/custom.css
Fri Apr 28 2017 04:15:10 GMT-0400 (EDT): GET /css/links.css
Fri Apr 28 2017 04:15:10 GMT-0400 (EDT): GET /jquery/jquery-v1.7.min.js
Fri Apr 28 2017 04:15:10 GMT-0400 (EDT): GET /dist/js/jquery.paver.min.js
Fri Apr 28 2017 04:15:10 GMT-0400 (EDT): GET /img/bg-pattern.png
Fri Apr 28 2017 04:15:10 GMT-0400 (EDT): GET /throttle/debounce.js
Fri Apr 28 2017 04:15:10 GMT-0400 (EDT): GET /img/pano-room.jpg
Fri Apr 28 2017 04:15:12 GMT-0400 (EDT): GET /pan
Fri Apr 28 2017 04:15:12 GMT-0400 (EDT): GET /css/reset.css
Fri Apr 28 2017 04:15:12 GMT-0400 (EDT): GET /css/style.css
Fri Apr 28 2017 04:15:12 GMT-0400 (EDT): GET /js/modernizr.js
Fri Apr 28 2017 04:15:12 GMT-0400 (EDT): GET /css/custom.css
Fri Apr 28 2017 04:15:12 GMT-0400 (EDT): GET /css/links.css
Fri Apr 28 2017 04:15:12 GMT-0400 (EDT): GET /jquery/jquery-v1.7.min.js
Fri Apr 28 2017 04:15:12 GMT-0400 (EDT): GET /dist/js/jquery.paver.min.js
Fri Apr 28 2017 04:15:12 GMT-0400 (EDT): GET /img/bg-pattern.png
Fri Apr 28 2017 04:15:12 GMT-0400 (EDT): GET /throttle/debounce.js
Fri Apr 28 2017 04:15:12 GMT-0400 (EDT): GET /img/pano-room.jpg
Fri Apr 28 2017 04:16:15 GMT-0400 (EDT): GET /pan
Fri Apr 28 2017 04:16:15 GMT-0400 (EDT): GET /css/reset.css
Fri Apr 28 2017 04:16:15 GMT-0400 (EDT): GET /css/style.css
Fri Apr 28 2017 04:16:15 GMT-0400 (EDT): GET /js/modernizr.js
Fri Apr 28 2017 04:16:15 GMT-0400 (EDT): GET /css/custom.css
Fri Apr 28 2017 04:16:15 GMT-0400 (EDT): GET /css/links.css
Fri Apr 28 2017 04:16:15 GMT-0400 (EDT): GET /jquery/jquery-v1.7.min.js
Fri Apr 28 2017 04:16:15 GMT-0400 (EDT): GET /img/bg-pattern.png
Fri Apr 28 2017 04:16:15 GMT-0400 (EDT): GET /dist/js/jquery.paver.min.js
Fri Apr 28 2017 04:16:15 GMT-0400 (EDT): GET /throttle/debounce.js
Fri Apr 28 2017 04:16:15 GMT-0400 (EDT): GET /img/pano-room.jpg
Fri Apr 28 2017 04:17:21 GMT-0400 (EDT): GET /pan
Fri Apr 28 2017 04:17:21 GMT-0400 (EDT): GET /css/reset.css
Fri Apr 28 2017 04:17:21 GMT-0400 (EDT): GET /css/style.css
Fri Apr 28 2017 04:17:21 GMT-0400 (EDT): GET /js/modernizr.js
Fri Apr 28 2017 04:17:21 GMT-0400 (EDT): GET /css/custom.css
Fri Apr 28 2017 04:17:21 GMT-0400 (EDT): GET /css/links.css
Fri Apr 28 2017 04:17:21 GMT-0400 (EDT): GET /jquery/jquery-v1.7.min.js
Fri Apr 28 2017 04:17:21 GMT-0400 (EDT): GET /dist/js/jquery.paver.min.js
Fri Apr 28 2017 04:17:21 GMT-0400 (EDT): GET /img/bg-pattern.png
Fri Apr 28 2017 04:17:21 GMT-0400 (EDT): GET /throttle/debounce.js
Fri Apr 28 2017 04:17:21 GMT-0400 (EDT): GET /img/pano-room.jpg
Fri Apr 28 2017 04:17:37 GMT-0400 (EDT): GET /pan
Fri Apr 28 2017 04:17:37 GMT-0400 (EDT): GET /css/reset.css
Fri Apr 28 2017 04:17:37 GMT-0400 (EDT): GET /css/style.css
Fri Apr 28 2017 04:17:37 GMT-0400 (EDT): GET /js/modernizr.js
Fri Apr 28 2017 04:17:37 GMT-0400 (EDT): GET /css/custom.css
Fri Apr 28 2017 04:17:37 GMT-0400 (EDT): GET /css/links.css
Fri Apr 28 2017 04:17:37 GMT-0400 (EDT): GET /jquery/jquery-v1.7.min.js
Fri Apr 28 2017 04:17:37 GMT-0400 (EDT): GET /dist/js/jquery.paver.min.js
Fri Apr 28 2017 04:17:37 GMT-0400 (EDT): GET /throttle/debounce.js
Fri Apr 28 2017 04:17:37 GMT-0400 (EDT): GET /img/bg-pattern.png
Fri Apr 28 2017 04:17:37 GMT-0400 (EDT): GET /img/pano-room.jpg
Fri Apr 28 2017 04:17:54 GMT-0400 (EDT): GET /pan
Fri Apr 28 2017 04:17:54 GMT-0400 (EDT): GET /css/reset.css
Fri Apr 28 2017 04:17:54 GMT-0400 (EDT): GET /css/style.css
Fri Apr 28 2017 04:17:54 GMT-0400 (EDT): GET /js/modernizr.js
Fri Apr 28 2017 04:17:54 GMT-0400 (EDT): GET /css/custom.css
Fri Apr 28 2017 04:17:54 GMT-0400 (EDT): GET /css/links.css
Fri Apr 28 2017 04:17:54 GMT-0400 (EDT): GET /jquery/jquery-v1.7.min.js
Fri Apr 28 2017 04:17:54 GMT-0400 (EDT): GET /dist/js/jquery.paver.min.js
Fri Apr 28 2017 04:17:54 GMT-0400 (EDT): GET /throttle/debounce.js
Fri Apr 28 2017 04:17:54 GMT-0400 (EDT): GET /img/bg-pattern.png
Fri Apr 28 2017 04:17:54 GMT-0400 (EDT): GET /img/pano-room.jpg
Fri Apr 28 2017 04:18:53 GMT-0400 (EDT): GET /pan
Fri Apr 28 2017 04:18:53 GMT-0400 (EDT): GET /css/reset.css
Fri Apr 28 2017 04:18:53 GMT-0400 (EDT): GET /css/style.css
Fri Apr 28 2017 04:18:53 GMT-0400 (EDT): GET /js/modernizr.js
Fri Apr 28 2017 04:18:53 GMT-0400 (EDT): GET /css/custom.css
Fri Apr 28 2017 04:18:53 GMT-0400 (EDT): GET /css/links.css
Fri Apr 28 2017 04:18:53 GMT-0400 (EDT): GET /jquery/jquery-v1.7.min.js
Fri Apr 28 2017 04:18:53 GMT-0400 (EDT): GET /img/bg-pattern.png
Fri Apr 28 2017 04:18:53 GMT-0400 (EDT): GET /dist/js/jquery.paver.min.js
Fri Apr 28 2017 04:18:53 GMT-0400 (EDT): GET /throttle/debounce.js
Fri Apr 28 2017 04:18:53 GMT-0400 (EDT): GET /img/pano-room.jpg
Fri Apr 28 2017 04:19:07 GMT-0400 (EDT): GET /pan
Fri Apr 28 2017 04:19:07 GMT-0400 (EDT): GET /css/reset.css
Fri Apr 28 2017 04:19:07 GMT-0400 (EDT): GET /css/style.css
Fri Apr 28 2017 04:19:07 GMT-0400 (EDT): GET /js/modernizr.js
Fri Apr 28 2017 04:19:07 GMT-0400 (EDT): GET /css/custom.css
Fri Apr 28 2017 04:19:07 GMT-0400 (EDT): GET /css/links.css
Fri Apr 28 2017 04:19:07 GMT-0400 (EDT): GET /jquery/jquery-v1.7.min.js
Fri Apr 28 2017 04:19:07 GMT-0400 (EDT): GET /dist/js/jquery.paver.min.js
Fri Apr 28 2017 04:19:07 GMT-0400 (EDT): GET /img/bg-pattern.png
Fri Apr 28 2017 04:19:07 GMT-0400 (EDT): GET /throttle/debounce.js
Fri Apr 28 2017 04:19:07 GMT-0400 (EDT): GET /img/pano-room.jpg
Fri Apr 28 2017 04:19:13 GMT-0400 (EDT): GET /css/reset.css
Fri Apr 28 2017 04:19:13 GMT-0400 (EDT): GET /css/style.css
Fri Apr 28 2017 04:19:13 GMT-0400 (EDT): GET /css/custom.css
Fri Apr 28 2017 04:19:13 GMT-0400 (EDT): GET /css/links.css
Fri Apr 28 2017 04:19:37 GMT-0400 (EDT): GET /pan
Fri Apr 28 2017 04:19:37 GMT-0400 (EDT): GET /css/reset.css
Fri Apr 28 2017 04:19:37 GMT-0400 (EDT): GET /css/style.css
Fri Apr 28 2017 04:19:37 GMT-0400 (EDT): GET /js/modernizr.js
Fri Apr 28 2017 04:19:37 GMT-0400 (EDT): GET /css/custom.css
Fri Apr 28 2017 04:19:37 GMT-0400 (EDT): GET /css/links.css
Fri Apr 28 2017 04:19:37 GMT-0400 (EDT): GET /jquery/jquery-v1.7.min.js
Fri Apr 28 2017 04:19:37 GMT-0400 (EDT): GET /img/bg-pattern.png
Fri Apr 28 2017 04:19:38 GMT-0400 (EDT): GET /dist/js/jquery.paver.min.js
Fri Apr 28 2017 04:19:38 GMT-0400 (EDT): GET /throttle/debounce.js
Fri Apr 28 2017 04:19:38 GMT-0400 (EDT): GET /img/pano-room.jpg
Fri Apr 28 2017 04:19:43 GMT-0400 (EDT): GET /pan
Fri Apr 28 2017 04:19:43 GMT-0400 (EDT): GET /css/reset.css
Fri Apr 28 2017 04:19:43 GMT-0400 (EDT): GET /css/style.css
Fri Apr 28 2017 04:19:43 GMT-0400 (EDT): GET /js/modernizr.js
Fri Apr 28 2017 04:19:43 GMT-0400 (EDT): GET /css/custom.css
Fri Apr 28 2017 04:19:43 GMT-0400 (EDT): GET /css/links.css
Fri Apr 28 2017 04:19:43 GMT-0400 (EDT): GET /jquery/jquery-v1.7.min.js
Fri Apr 28 2017 04:19:43 GMT-0400 (EDT): GET /dist/js/jquery.paver.min.js
Fri Apr 28 2017 04:19:43 GMT-0400 (EDT): GET /img/pano-room.jpg
Fri Apr 28 2017 04:19:43 GMT-0400 (EDT): GET /throttle/debounce.js
Fri Apr 28 2017 04:20:51 GMT-0400 (EDT): GET /pan
Fri Apr 28 2017 04:20:51 GMT-0400 (EDT): GET /css/reset.css
Fri Apr 28 2017 04:20:51 GMT-0400 (EDT): GET /css/style.css
Fri Apr 28 2017 04:20:51 GMT-0400 (EDT): GET /js/modernizr.js
Fri Apr 28 2017 04:20:51 GMT-0400 (EDT): GET /css/custom.css
Fri Apr 28 2017 04:20:51 GMT-0400 (EDT): GET /css/links.css
Fri Apr 28 2017 04:20:51 GMT-0400 (EDT): GET /jquery/jquery-v1.7.min.js
Fri Apr 28 2017 04:20:51 GMT-0400 (EDT): GET /dist/js/jquery.paver.min.js
Fri Apr 28 2017 04:20:51 GMT-0400 (EDT): GET /throttle/debounce.js
Fri Apr 28 2017 04:20:51 GMT-0400 (EDT): GET /img/pano-room.jpg
Fri Apr 28 2017 04:21:07 GMT-0400 (EDT): GET /pan
Fri Apr 28 2017 04:21:07 GMT-0400 (EDT): GET /css/reset.css
Fri Apr 28 2017 04:21:07 GMT-0400 (EDT): GET /css/style.css
Fri Apr 28 2017 04:21:07 GMT-0400 (EDT): GET /js/modernizr.js
Fri Apr 28 2017 04:21:07 GMT-0400 (EDT): GET /css/custom.css
Fri Apr 28 2017 04:21:07 GMT-0400 (EDT): GET /css/links.css
Fri Apr 28 2017 04:21:07 GMT-0400 (EDT): GET /jquery/jquery-v1.7.min.js
Fri Apr 28 2017 04:21:07 GMT-0400 (EDT): GET /dist/js/jquery.paver.min.js
Fri Apr 28 2017 04:21:07 GMT-0400 (EDT): GET /throttle/debounce.js
Fri Apr 28 2017 04:21:07 GMT-0400 (EDT): GET /img/pano-room.jpg
Fri Apr 28 2017 04:21:47 GMT-0400 (EDT): GET /pan
Fri Apr 28 2017 04:21:47 GMT-0400 (EDT): GET /css/reset.css
Fri Apr 28 2017 04:21:47 GMT-0400 (EDT): GET /css/style.css
Fri Apr 28 2017 04:21:47 GMT-0400 (EDT): GET /js/modernizr.js
Fri Apr 28 2017 04:21:47 GMT-0400 (EDT): GET /css/custom.css
Fri Apr 28 2017 04:21:47 GMT-0400 (EDT): GET /css/links.css
Fri Apr 28 2017 04:21:47 GMT-0400 (EDT): GET /jquery/jquery-v1.7.min.js
Fri Apr 28 2017 04:21:47 GMT-0400 (EDT): GET /dist/js/jquery.paver.min.js
Fri Apr 28 2017 04:21:47 GMT-0400 (EDT): GET /throttle/debounce.js
Fri Apr 28 2017 04:21:47 GMT-0400 (EDT): GET /img/bg-pattern.png
Fri Apr 28 2017 04:21:47 GMT-0400 (EDT): GET /img/pano-room.jpg
Fri Apr 28 2017 04:21:49 GMT-0400 (EDT): GET /pan
Fri Apr 28 2017 04:21:49 GMT-0400 (EDT): GET /css/reset.css
Fri Apr 28 2017 04:21:49 GMT-0400 (EDT): GET /css/style.css
Fri Apr 28 2017 04:21:49 GMT-0400 (EDT): GET /js/modernizr.js
Fri Apr 28 2017 04:21:49 GMT-0400 (EDT): GET /css/custom.css
Fri Apr 28 2017 04:21:49 GMT-0400 (EDT): GET /css/links.css
Fri Apr 28 2017 04:21:49 GMT-0400 (EDT): GET /jquery/jquery-v1.7.min.js
Fri Apr 28 2017 04:21:49 GMT-0400 (EDT): GET /dist/js/jquery.paver.min.js
Fri Apr 28 2017 04:21:49 GMT-0400 (EDT): GET /throttle/debounce.js
Fri Apr 28 2017 04:21:49 GMT-0400 (EDT): GET /img/pano-room.jpg
Fri Apr 28 2017 04:21:58 GMT-0400 (EDT): GET /pan
Fri Apr 28 2017 04:21:58 GMT-0400 (EDT): GET /css/reset.css
Fri Apr 28 2017 04:21:58 GMT-0400 (EDT): GET /css/style.css
Fri Apr 28 2017 04:21:58 GMT-0400 (EDT): GET /js/modernizr.js
Fri Apr 28 2017 04:21:58 GMT-0400 (EDT): GET /css/custom.css
Fri Apr 28 2017 04:21:58 GMT-0400 (EDT): GET /css/links.css
Fri Apr 28 2017 04:21:58 GMT-0400 (EDT): GET /jquery/jquery-v1.7.min.js
Fri Apr 28 2017 04:21:58 GMT-0400 (EDT): GET /dist/js/jquery.paver.min.js
Fri Apr 28 2017 04:21:58 GMT-0400 (EDT): GET /throttle/debounce.js
Fri Apr 28 2017 04:21:58 GMT-0400 (EDT): GET /img/pano-room.jpg
Fri Apr 28 2017 04:23:44 GMT-0400 (EDT): GET /css/reset.css
Fri Apr 28 2017 04:23:44 GMT-0400 (EDT): GET /css/style.css
Fri Apr 28 2017 04:23:44 GMT-0400 (EDT): GET /css/custom.css
Fri Apr 28 2017 04:23:44 GMT-0400 (EDT): GET /css/links.css
Fri Apr 28 2017 04:24:48 GMT-0400 (EDT): GET /pan
Fri Apr 28 2017 04:24:48 GMT-0400 (EDT): GET /css/reset.css
Fri Apr 28 2017 04:24:48 GMT-0400 (EDT): GET /css/style.css
Fri Apr 28 2017 04:24:48 GMT-0400 (EDT): GET /js/modernizr.js
Fri Apr 28 2017 04:24:48 GMT-0400 (EDT): GET /css/custom.css
Fri Apr 28 2017 04:24:48 GMT-0400 (EDT): GET /css/links.css
Fri Apr 28 2017 04:24:48 GMT-0400 (EDT): GET /jquery/jquery-v1.7.min.js
Fri Apr 28 2017 04:24:48 GMT-0400 (EDT): GET /dist/js/jquery.paver.min.js
Fri Apr 28 2017 04:24:48 GMT-0400 (EDT): GET /img/bg-pattern.png
Fri Apr 28 2017 04:24:48 GMT-0400 (EDT): GET /throttle/debounce.js
Fri Apr 28 2017 04:24:48 GMT-0400 (EDT): GET /img/pano-room.jpg
Fri Apr 28 2017 04:24:53 GMT-0400 (EDT): GET /pan
Fri Apr 28 2017 04:24:53 GMT-0400 (EDT): GET /css/reset.css
Fri Apr 28 2017 04:24:53 GMT-0400 (EDT): GET /css/style.css
Fri Apr 28 2017 04:24:53 GMT-0400 (EDT): GET /js/modernizr.js
Fri Apr 28 2017 04:24:53 GMT-0400 (EDT): GET /css/custom.css
Fri Apr 28 2017 04:24:53 GMT-0400 (EDT): GET /css/links.css
Fri Apr 28 2017 04:24:53 GMT-0400 (EDT): GET /jquery/jquery-v1.7.min.js
Fri Apr 28 2017 04:24:53 GMT-0400 (EDT): GET /img/bg-pattern.png
Fri Apr 28 2017 04:24:53 GMT-0400 (EDT): GET /dist/js/jquery.paver.min.js
Fri Apr 28 2017 04:24:53 GMT-0400 (EDT): GET /throttle/debounce.js
Fri Apr 28 2017 04:24:53 GMT-0400 (EDT): GET /img/pano-room.jpg
Fri Apr 28 2017 04:25:03 GMT-0400 (EDT): GET /pan
Fri Apr 28 2017 04:25:03 GMT-0400 (EDT): GET /css/reset.css
Fri Apr 28 2017 04:25:03 GMT-0400 (EDT): GET /css/style.css
Fri Apr 28 2017 04:25:03 GMT-0400 (EDT): GET /js/modernizr.js
Fri Apr 28 2017 04:25:03 GMT-0400 (EDT): GET /css/custom.css
Fri Apr 28 2017 04:25:03 GMT-0400 (EDT): GET /css/links.css
Fri Apr 28 2017 04:25:03 GMT-0400 (EDT): GET /jquery/jquery-v1.7.min.js
Fri Apr 28 2017 04:25:03 GMT-0400 (EDT): GET /dist/js/jquery.paver.min.js
Fri Apr 28 2017 04:25:03 GMT-0400 (EDT): GET /img/pano-room.jpg
Fri Apr 28 2017 04:25:03 GMT-0400 (EDT): GET /img/bg-pattern.png
Fri Apr 28 2017 04:25:20 GMT-0400 (EDT): GET /pan
Fri Apr 28 2017 04:25:20 GMT-0400 (EDT): GET /css/reset.css
Fri Apr 28 2017 04:25:20 GMT-0400 (EDT): GET /css/style.css
Fri Apr 28 2017 04:25:20 GMT-0400 (EDT): GET /js/modernizr.js
Fri Apr 28 2017 04:25:20 GMT-0400 (EDT): GET /css/custom.css
Fri Apr 28 2017 04:25:20 GMT-0400 (EDT): GET /css/links.css
Fri Apr 28 2017 04:25:20 GMT-0400 (EDT): GET /jquery/jquery-v1.7.min.js
Fri Apr 28 2017 04:25:20 GMT-0400 (EDT): GET /img/bg-pattern.png
Fri Apr 28 2017 04:25:20 GMT-0400 (EDT): GET /img/pano-room.jpg
Fri Apr 28 2017 04:25:58 GMT-0400 (EDT): GET /css/reset.css
Fri Apr 28 2017 04:25:58 GMT-0400 (EDT): GET /css/style.css
Fri Apr 28 2017 04:25:58 GMT-0400 (EDT): GET /css/custom.css
Fri Apr 28 2017 04:25:58 GMT-0400 (EDT): GET /css/links.css
Fri Apr 28 2017 04:30:07 GMT-0400 (EDT): GET /pan
Fri Apr 28 2017 04:30:07 GMT-0400 (EDT): GET /css/reset.css
Fri Apr 28 2017 04:30:07 GMT-0400 (EDT): GET /css/style.css
Fri Apr 28 2017 04:30:07 GMT-0400 (EDT): GET /js/modernizr.js
Fri Apr 28 2017 04:30:07 GMT-0400 (EDT): GET /css/custom.css
Fri Apr 28 2017 04:30:07 GMT-0400 (EDT): GET /css/links.css
Fri Apr 28 2017 04:30:07 GMT-0400 (EDT): GET /jquery/jquery-v1.7.min.js
Fri Apr 28 2017 04:30:07 GMT-0400 (EDT): GET /img/bg-pattern.png
Fri Apr 28 2017 04:30:07 GMT-0400 (EDT): GET /dist/js/jquery.paver.min.js
Fri Apr 28 2017 04:30:07 GMT-0400 (EDT): GET /throttle/debounce.js
Fri Apr 28 2017 04:30:07 GMT-0400 (EDT): GET /img/pano-room.jpg
Fri Apr 28 2017 04:35:46 GMT-0400 (EDT): GET /pan
Fri Apr 28 2017 04:35:46 GMT-0400 (EDT): GET /css/reset.css
Fri Apr 28 2017 04:35:46 GMT-0400 (EDT): GET /css/style.css
Fri Apr 28 2017 04:35:46 GMT-0400 (EDT): GET /js/modernizr.js
Fri Apr 28 2017 04:35:46 GMT-0400 (EDT): GET /css/custom.css
Fri Apr 28 2017 04:35:46 GMT-0400 (EDT): GET /css/links.css
Fri Apr 28 2017 04:35:46 GMT-0400 (EDT): GET /jquery/jquery-v1.7.min.js
Fri Apr 28 2017 04:35:46 GMT-0400 (EDT): GET /img/bg-pattern.png
Fri Apr 28 2017 04:35:46 GMT-0400 (EDT): GET /dist/js/jquery.paver.min.js
Fri Apr 28 2017 04:35:46 GMT-0400 (EDT): GET /throttle/debounce.js
Fri Apr 28 2017 04:35:46 GMT-0400 (EDT): GET /js/custom-paver.js
Fri Apr 28 2017 04:35:46 GMT-0400 (EDT): GET /img/pano-room.jpg
Fri Apr 28 2017 04:35:51 GMT-0400 (EDT): GET /pan
Fri Apr 28 2017 04:35:51 GMT-0400 (EDT): GET /css/reset.css
Fri Apr 28 2017 04:35:51 GMT-0400 (EDT): GET /css/style.css
Fri Apr 28 2017 04:35:51 GMT-0400 (EDT): GET /js/modernizr.js
Fri Apr 28 2017 04:35:51 GMT-0400 (EDT): GET /css/custom.css
Fri Apr 28 2017 04:35:51 GMT-0400 (EDT): GET /css/links.css
Fri Apr 28 2017 04:35:51 GMT-0400 (EDT): GET /jquery/jquery-v1.7.min.js
Fri Apr 28 2017 04:35:51 GMT-0400 (EDT): GET /dist/js/jquery.paver.min.js
Fri Apr 28 2017 04:35:51 GMT-0400 (EDT): GET /img/bg-pattern.png
Fri Apr 28 2017 04:35:51 GMT-0400 (EDT): GET /throttle/debounce.js
Fri Apr 28 2017 04:35:51 GMT-0400 (EDT): GET /js/custom-paver.js
Fri Apr 28 2017 04:35:51 GMT-0400 (EDT): GET /img/pano-room.jpg
Fri Apr 28 2017 04:36:32 GMT-0400 (EDT): GET /pan
Fri Apr 28 2017 04:36:32 GMT-0400 (EDT): GET /css/reset.css
Fri Apr 28 2017 04:36:32 GMT-0400 (EDT): GET /css/style.css
Fri Apr 28 2017 04:36:32 GMT-0400 (EDT): GET /js/modernizr.js
Fri Apr 28 2017 04:36:32 GMT-0400 (EDT): GET /css/custom.css
Fri Apr 28 2017 04:36:32 GMT-0400 (EDT): GET /css/links.css
Fri Apr 28 2017 04:36:32 GMT-0400 (EDT): GET /jquery/jquery-v1.7.min.js
Fri Apr 28 2017 04:36:32 GMT-0400 (EDT): GET /dist/js/jquery.paver.min.js
Fri Apr 28 2017 04:36:32 GMT-0400 (EDT): GET /img/bg-pattern.png
Fri Apr 28 2017 04:36:32 GMT-0400 (EDT): GET /throttle/debounce.js
Fri Apr 28 2017 04:36:32 GMT-0400 (EDT): GET /img/pano-room.jpg
Fri Apr 28 2017 05:21:16 GMT-0400 (EDT): GET /pan
Fri Apr 28 2017 05:21:16 GMT-0400 (EDT): GET /css/reset.css
Fri Apr 28 2017 05:21:16 GMT-0400 (EDT): GET /css/style.css
Fri Apr 28 2017 05:21:16 GMT-0400 (EDT): GET /js/modernizr.js
Fri Apr 28 2017 05:21:16 GMT-0400 (EDT): GET /css/custom.css
Fri Apr 28 2017 05:21:16 GMT-0400 (EDT): GET /css/links.css
Fri Apr 28 2017 05:21:16 GMT-0400 (EDT): GET /jquery/jquery-2.1.1.min.js
Fri Apr 28 2017 05:21:16 GMT-0400 (EDT): GET /img/bg-pattern.png
Fri Apr 28 2017 05:21:16 GMT-0400 (EDT): GET /dist/js/jquery.paver.min.js
Fri Apr 28 2017 05:21:16 GMT-0400 (EDT): GET /throttle/debounce.js
Fri Apr 28 2017 05:21:16 GMT-0400 (EDT): GET /js/custom-paver.js
Fri Apr 28 2017 05:21:16 GMT-0400 (EDT): GET /img/pano-room.jpg
Fri Apr 28 2017 05:21:22 GMT-0400 (EDT): GET /css/reset.css
Fri Apr 28 2017 05:21:22 GMT-0400 (EDT): GET /css/style.css
Fri Apr 28 2017 05:21:22 GMT-0400 (EDT): GET /css/custom.css
Fri Apr 28 2017 05:21:22 GMT-0400 (EDT): GET /css/links.css
Fri Apr 28 2017 05:22:07 GMT-0400 (EDT): GET /pan
Fri Apr 28 2017 05:22:07 GMT-0400 (EDT): GET /css/reset.css
Fri Apr 28 2017 05:22:07 GMT-0400 (EDT): GET /css/style.css
Fri Apr 28 2017 05:22:07 GMT-0400 (EDT): GET /js/modernizr.js
Fri Apr 28 2017 05:22:07 GMT-0400 (EDT): GET /css/custom.css
Fri Apr 28 2017 05:22:07 GMT-0400 (EDT): GET /css/links.css
Fri Apr 28 2017 05:22:07 GMT-0400 (EDT): GET /jquery/jquery-2.1.1.min.js
Fri Apr 28 2017 05:22:07 GMT-0400 (EDT): GET /img/bg-pattern.png
Fri Apr 28 2017 05:22:07 GMT-0400 (EDT): GET /dist/js/jquery.paver.min.js
Fri Apr 28 2017 05:22:07 GMT-0400 (EDT): GET /throttle/debounce.js
Fri Apr 28 2017 05:22:07 GMT-0400 (EDT): GET /js/custom-paver.js
Fri Apr 28 2017 05:22:07 GMT-0400 (EDT): GET /img/pano-room.jpg
Fri Apr 28 2017 05:22:30 GMT-0400 (EDT): GET /pan
Fri Apr 28 2017 05:22:30 GMT-0400 (EDT): GET /css/reset.css
Fri Apr 28 2017 05:22:30 GMT-0400 (EDT): GET /css/style.css
Fri Apr 28 2017 05:22:30 GMT-0400 (EDT): GET /js/modernizr.js
Fri Apr 28 2017 05:22:30 GMT-0400 (EDT): GET /css/custom.css
Fri Apr 28 2017 05:22:30 GMT-0400 (EDT): GET /css/links.css
Fri Apr 28 2017 05:22:30 GMT-0400 (EDT): GET /jquery/jquery-2.1.1.min.js
Fri Apr 28 2017 05:22:30 GMT-0400 (EDT): GET /dist/js/jquery.paver.min.js
Fri Apr 28 2017 05:22:30 GMT-0400 (EDT): GET /img/bg-pattern.png
Fri Apr 28 2017 05:22:30 GMT-0400 (EDT): GET /throttle/debounce.js
Fri Apr 28 2017 05:22:30 GMT-0400 (EDT): GET /js/custom-paver.js
Fri Apr 28 2017 05:22:30 GMT-0400 (EDT): GET /img/pano-room.jpg
Fri Apr 28 2017 05:22:30 GMT-0400 (EDT): GET /jquery/jquery-2.1.1.min.js
Fri Apr 28 2017 05:23:15 GMT-0400 (EDT): GET /pan
Fri Apr 28 2017 05:23:15 GMT-0400 (EDT): GET /css/reset.css
Fri Apr 28 2017 05:23:15 GMT-0400 (EDT): GET /css/style.css
Fri Apr 28 2017 05:23:15 GMT-0400 (EDT): GET /js/modernizr.js
Fri Apr 28 2017 05:23:15 GMT-0400 (EDT): GET /css/custom.css
Fri Apr 28 2017 05:23:15 GMT-0400 (EDT): GET /css/links.css
Fri Apr 28 2017 05:23:15 GMT-0400 (EDT): GET /jquery/jquery-2.1.1.min.js
Fri Apr 28 2017 05:23:15 GMT-0400 (EDT): GET /img/bg-pattern.png
Fri Apr 28 2017 05:23:16 GMT-0400 (EDT): GET /dist/js/jquery.paver.min.js
Fri Apr 28 2017 05:23:16 GMT-0400 (EDT): GET /throttle/debounce.js
Fri Apr 28 2017 05:23:16 GMT-0400 (EDT): GET /js/custom-paver.js
Fri Apr 28 2017 05:23:16 GMT-0400 (EDT): GET /img/pano-room.jpg
Fri Apr 28 2017 05:25:56 GMT-0400 (EDT): GET /pan
Fri Apr 28 2017 05:25:56 GMT-0400 (EDT): GET /css/reset.css
Fri Apr 28 2017 05:25:56 GMT-0400 (EDT): GET /css/style.css
Fri Apr 28 2017 05:25:56 GMT-0400 (EDT): GET /js/modernizr.js
Fri Apr 28 2017 05:25:56 GMT-0400 (EDT): GET /css/custom.css
Fri Apr 28 2017 05:25:56 GMT-0400 (EDT): GET /css/links.css
Fri Apr 28 2017 05:25:56 GMT-0400 (EDT): GET /js/jquery-2.1.1.min.js
Fri Apr 28 2017 05:25:56 GMT-0400 (EDT): GET /dist/js/jquery.paver.min.js
Fri Apr 28 2017 05:25:56 GMT-0400 (EDT): GET /img/bg-pattern.png
Fri Apr 28 2017 05:25:56 GMT-0400 (EDT): GET /throttle/debounce.js
Fri Apr 28 2017 05:25:56 GMT-0400 (EDT): GET /js/custom-paver.js
Fri Apr 28 2017 05:25:56 GMT-0400 (EDT): GET /img/pano-room.jpg
Fri Apr 28 2017 05:26:09 GMT-0400 (EDT): GET /pan
Fri Apr 28 2017 05:26:09 GMT-0400 (EDT): GET /css/reset.css
Fri Apr 28 2017 05:26:09 GMT-0400 (EDT): GET /css/style.css
Fri Apr 28 2017 05:26:09 GMT-0400 (EDT): GET /js/modernizr.js
Fri Apr 28 2017 05:26:09 GMT-0400 (EDT): GET /css/custom.css
Fri Apr 28 2017 05:26:09 GMT-0400 (EDT): GET /css/links.css
Fri Apr 28 2017 05:26:09 GMT-0400 (EDT): GET /js/jquery-2.1.1.min.js
Fri Apr 28 2017 05:26:09 GMT-0400 (EDT): GET /img/bg-pattern.png
Fri Apr 28 2017 05:26:09 GMT-0400 (EDT): GET /dist/js/jquery.paver.min.js
Fri Apr 28 2017 05:26:09 GMT-0400 (EDT): GET /throttle/debounce.js
Fri Apr 28 2017 05:26:09 GMT-0400 (EDT): GET /js/custom-paver.js
Fri Apr 28 2017 05:26:09 GMT-0400 (EDT): GET /img/pano-room.jpg
Fri Apr 28 2017 05:26:30 GMT-0400 (EDT): GET /pan
Fri Apr 28 2017 05:26:30 GMT-0400 (EDT): GET /css/reset.css
Fri Apr 28 2017 05:26:30 GMT-0400 (EDT): GET /css/style.css
Fri Apr 28 2017 05:26:30 GMT-0400 (EDT): GET /js/modernizr.js
Fri Apr 28 2017 05:26:30 GMT-0400 (EDT): GET /css/custom.css
Fri Apr 28 2017 05:26:30 GMT-0400 (EDT): GET /css/links.css
Fri Apr 28 2017 05:26:30 GMT-0400 (EDT): GET /js/jquery-2.1.1.js
Fri Apr 28 2017 05:26:30 GMT-0400 (EDT): GET /img/bg-pattern.png
Fri Apr 28 2017 05:26:30 GMT-0400 (EDT): GET /dist/js/jquery.paver.min.js
Fri Apr 28 2017 05:26:30 GMT-0400 (EDT): GET /throttle/debounce.js
Fri Apr 28 2017 05:26:30 GMT-0400 (EDT): GET /js/custom-paver.js
Fri Apr 28 2017 05:26:30 GMT-0400 (EDT): GET /img/pano-room.jpg
Fri Apr 28 2017 05:26:47 GMT-0400 (EDT): GET /pan
Fri Apr 28 2017 05:26:47 GMT-0400 (EDT): GET /css/reset.css
Fri Apr 28 2017 05:26:47 GMT-0400 (EDT): GET /css/style.css
Fri Apr 28 2017 05:26:47 GMT-0400 (EDT): GET /js/modernizr.js
Fri Apr 28 2017 05:26:47 GMT-0400 (EDT): GET /css/custom.css
Fri Apr 28 2017 05:26:47 GMT-0400 (EDT): GET /css/links.css
Fri Apr 28 2017 05:26:47 GMT-0400 (EDT): GET /jquery/jquery-v1.7.min.js
Fri Apr 28 2017 05:26:47 GMT-0400 (EDT): GET /img/bg-pattern.png
Fri Apr 28 2017 05:26:47 GMT-0400 (EDT): GET /js/jquery-2.1.1.js
Fri Apr 28 2017 05:26:47 GMT-0400 (EDT): GET /dist/js/jquery.paver.min.js
Fri Apr 28 2017 05:26:47 GMT-0400 (EDT): GET /throttle/debounce.js
Fri Apr 28 2017 05:26:47 GMT-0400 (EDT): GET /js/custom-paver.js
Fri Apr 28 2017 05:26:47 GMT-0400 (EDT): GET /img/pano-room.jpg
Fri Apr 28 2017 05:27:00 GMT-0400 (EDT): GET /pan
Fri Apr 28 2017 05:27:00 GMT-0400 (EDT): GET /css/reset.css
Fri Apr 28 2017 05:27:00 GMT-0400 (EDT): GET /css/style.css
Fri Apr 28 2017 05:27:00 GMT-0400 (EDT): GET /js/modernizr.js
Fri Apr 28 2017 05:27:00 GMT-0400 (EDT): GET /css/custom.css
Fri Apr 28 2017 05:27:00 GMT-0400 (EDT): GET /css/links.css
Fri Apr 28 2017 05:27:00 GMT-0400 (EDT): GET /jquery/jquery-v1.7.min.js
Fri Apr 28 2017 05:27:00 GMT-0400 (EDT): GET /img/bg-pattern.png
Fri Apr 28 2017 05:27:00 GMT-0400 (EDT): GET /dist/js/jquery.paver.min.js
Fri Apr 28 2017 05:27:00 GMT-0400 (EDT): GET /throttle/debounce.js
Fri Apr 28 2017 05:27:00 GMT-0400 (EDT): GET /js/custom-paver.js
Fri Apr 28 2017 05:27:00 GMT-0400 (EDT): GET /img/pano-room.jpg
Fri Apr 28 2017 05:30:10 GMT-0400 (EDT): GET /pan
Fri Apr 28 2017 05:30:10 GMT-0400 (EDT): GET /css/reset.css
Fri Apr 28 2017 05:30:10 GMT-0400 (EDT): GET /css/style.css
Fri Apr 28 2017 05:30:10 GMT-0400 (EDT): GET /js/modernizr.js
Fri Apr 28 2017 05:30:10 GMT-0400 (EDT): GET /css/custom.css
Fri Apr 28 2017 05:30:10 GMT-0400 (EDT): GET /css/links.css
Fri Apr 28 2017 05:30:10 GMT-0400 (EDT): GET /jquery/jquery-v1.7.min.js
Fri Apr 28 2017 05:30:10 GMT-0400 (EDT): GET /img/bg-pattern.png
Fri Apr 28 2017 05:30:10 GMT-0400 (EDT): GET /dist/js/jquery.paver.min.js
Fri Apr 28 2017 05:30:10 GMT-0400 (EDT): GET /throttle/debounce.js
Fri Apr 28 2017 05:30:10 GMT-0400 (EDT): GET /js/custom-paver.js
Fri Apr 28 2017 05:30:10 GMT-0400 (EDT): GET /img/pano-room.jpg
Fri Apr 28 2017 05:34:04 GMT-0400 (EDT): GET /pan
Fri Apr 28 2017 05:34:04 GMT-0400 (EDT): GET /css/reset.css
Fri Apr 28 2017 05:34:04 GMT-0400 (EDT): GET /css/style.css
Fri Apr 28 2017 05:34:04 GMT-0400 (EDT): GET /js/modernizr.js
Fri Apr 28 2017 05:34:04 GMT-0400 (EDT): GET /css/custom.css
Fri Apr 28 2017 05:34:04 GMT-0400 (EDT): GET /css/links.css
Fri Apr 28 2017 05:34:05 GMT-0400 (EDT): GET /jquery/jquery-v1.7.min.js
Fri Apr 28 2017 05:34:05 GMT-0400 (EDT): GET /img/bg-pattern.png
Fri Apr 28 2017 05:34:05 GMT-0400 (EDT): GET /dist/js/jquery.paver.min.js
Fri Apr 28 2017 05:34:05 GMT-0400 (EDT): GET /throttle/debounce.js
Fri Apr 28 2017 05:34:05 GMT-0400 (EDT): GET /js/custom-paver.js
Fri Apr 28 2017 05:34:05 GMT-0400 (EDT): GET /img/pano-room.jpg
Fri Apr 28 2017 05:38:22 GMT-0400 (EDT): GET /pan
Fri Apr 28 2017 05:38:22 GMT-0400 (EDT): GET /css/reset.css
Fri Apr 28 2017 05:38:22 GMT-0400 (EDT): GET /css/style.css
Fri Apr 28 2017 05:38:22 GMT-0400 (EDT): GET /js/modernizr.js
Fri Apr 28 2017 05:38:22 GMT-0400 (EDT): GET /css/custom.css
Fri Apr 28 2017 05:38:22 GMT-0400 (EDT): GET /css/links.css
Fri Apr 28 2017 05:38:22 GMT-0400 (EDT): GET /jquery/jquery-v1.7.min.js
Fri Apr 28 2017 05:38:22 GMT-0400 (EDT): GET /img/bg-pattern.png
Fri Apr 28 2017 05:38:22 GMT-0400 (EDT): GET /dist/js/jquery.paver.min.js
Fri Apr 28 2017 05:38:23 GMT-0400 (EDT): GET /throttle/debounce.js
Fri Apr 28 2017 05:38:23 GMT-0400 (EDT): GET /js/custom-paver.js
Fri Apr 28 2017 05:38:23 GMT-0400 (EDT): GET /img/pano-room.jpg
Fri Apr 28 2017 05:38:27 GMT-0400 (EDT): GET /css/reset.css
Fri Apr 28 2017 05:38:27 GMT-0400 (EDT): GET /css/style.css
Fri Apr 28 2017 05:38:27 GMT-0400 (EDT): GET /css/custom.css
Fri Apr 28 2017 05:38:27 GMT-0400 (EDT): GET /css/links.css
Fri Apr 28 2017 05:38:34 GMT-0400 (EDT): GET /pan
Fri Apr 28 2017 05:38:34 GMT-0400 (EDT): GET /css/reset.css
Fri Apr 28 2017 05:38:34 GMT-0400 (EDT): GET /css/style.css
Fri Apr 28 2017 05:38:34 GMT-0400 (EDT): GET /js/modernizr.js
Fri Apr 28 2017 05:38:34 GMT-0400 (EDT): GET /css/custom.css
Fri Apr 28 2017 05:38:34 GMT-0400 (EDT): GET /css/links.css
Fri Apr 28 2017 05:38:34 GMT-0400 (EDT): GET /jquery/jquery-v1.7.min.js
Fri Apr 28 2017 05:38:34 GMT-0400 (EDT): GET /img/bg-pattern.png
Fri Apr 28 2017 05:38:34 GMT-0400 (EDT): GET /dist/js/jquery.paver.min.js
Fri Apr 28 2017 05:38:34 GMT-0400 (EDT): GET /throttle/debounce.js
Fri Apr 28 2017 05:38:34 GMT-0400 (EDT): GET /js/custom-paver.js
Fri Apr 28 2017 05:38:34 GMT-0400 (EDT): GET /img/pano-room.jpg
Fri Apr 28 2017 05:38:46 GMT-0400 (EDT): GET /pan
Fri Apr 28 2017 05:38:46 GMT-0400 (EDT): GET /css/reset.css
Fri Apr 28 2017 05:38:46 GMT-0400 (EDT): GET /css/style.css
Fri Apr 28 2017 05:38:46 GMT-0400 (EDT): GET /js/modernizr.js
Fri Apr 28 2017 05:38:46 GMT-0400 (EDT): GET /dist/css/paver.css
Fri Apr 28 2017 05:38:46 GMT-0400 (EDT): GET /css/custom.css
Fri Apr 28 2017 05:38:46 GMT-0400 (EDT): GET /css/links.css
Fri Apr 28 2017 05:38:46 GMT-0400 (EDT): GET /jquery/jquery-v1.7.min.js
Fri Apr 28 2017 05:38:46 GMT-0400 (EDT): GET /dist/js/jquery.paver.min.js
Fri Apr 28 2017 05:38:46 GMT-0400 (EDT): GET /img/bg-pattern.png
Fri Apr 28 2017 05:38:46 GMT-0400 (EDT): GET /throttle/debounce.js
Fri Apr 28 2017 05:38:46 GMT-0400 (EDT): GET /js/custom-paver.js
Fri Apr 28 2017 05:38:46 GMT-0400 (EDT): GET /img/pano-room.jpg
Fri Apr 28 2017 05:38:46 GMT-0400 (EDT): GET /dist/css/paver.css.map
